<?xml version="1.0" encoding="UTF-8"?>
<beans xmlns="http://www.springframework.org/schema/beans"
       xmlns:xsi="http://www.w3.org/2001/XMLSchema-instance"
       xmlns:context="http://www.springframework.org/schema/context"
       xsi:schemaLocation="http://www.springframework.org/schema/beans
            http://www.springframework.org/schema/beans/spring-beans.xsd
            http://www.springframework.org/schema/context
            http://www.springframework.org/schema/context/spring-context.xsd">
    
    <context:annotation-config/>
    <context:component-scan base-package="com.handler"/>
   <bean  id="viewResolver" class = "org.springframework.web.servlet.view.InternalResourceViewResolver">
   <property name = "prefix" value = "/WEB-INF/view/"/>
   <property name = "suffix" value = ".jsp"/>
</bean>

<bean id="db" class="org.springframework.jdbc.datasource.DriverManagerDataSource">
<property name="driverClassName" value="com.mysql.jdbc.Driver"></property>
<property name="url" value="jdbc:mysql://localhost:3306/machinecrud"></property>
<property name="username" value="root"></property>
<property name="password" value=""></property>
</bean>

<bean id="jdbc" class="org.springframework.jdbc.core.JdbcTemplate">
<property name="dataSource" ref="db" ></property>

</bean>

<bean id="jdbcobject" class="com.handler.Dao">
<property name="temp" ref="jdbc"></property>

</bean>

</beans>